2020-08-24 08:57:59,562 ---------------------------------------------------
2020-08-24 08:57:59,562 ---------- Classification module (train) ----------
2020-08-24 08:57:59,562 ---------------------------------------------------
2020-08-24 08:57:59,563 Loading train data...
2020-08-24 08:57:59,592 	 The following fake entries are invalid and will be eliminated: 4, 232, 249, 479, 558, 613, 644, 650.
2020-08-24 08:57:59,593 	 792 fake entries were loaded
2020-08-24 08:58:01,961 	 The following real entries are invalid and will be eliminated: 35, 98, 574, 630, 659, 797.
2020-08-24 08:58:01,962 	 794 real entries were loaded
2020-08-24 08:58:03,344 Loading test data...
2020-08-24 08:58:03,347 	 The following fake entries are invalid and will be eliminated: 61, 132.
2020-08-24 08:58:03,348 	 198 fake entries were loaded
2020-08-24 08:58:03,623 	 The following real entries are invalid and will be eliminated: 36, 129, 196.
2020-08-24 08:58:03,623 	 197 real entries were loaded
2020-08-24 08:58:03,958 Extracting BOW features...
2020-08-24 08:58:04,547 Extracting TF-IDF features...
2020-08-24 08:58:09,695 Computing word embeddings...
2020-08-24 08:58:09,932 loading projection weights from /home/olga/PycharmProjects/Skyhawk/data/GoogleNews-vectors-negative300.bin
2020-08-24 08:58:25,450 loaded (3000000, 300) matrix from /home/olga/PycharmProjects/Skyhawk/data/GoogleNews-vectors-negative300.bin
2020-08-24 08:58:26,108 Training Naive Bayes classifier...
2020-08-24 08:58:26,123 Training Long-Short Term Memory classifier...
2020-08-24 08:58:41,286 Making predictions on validation data...
2020-08-24 08:58:41,704 Evaluating models...
2020-08-24 08:58:41,704 Scores:
2020-08-24 08:58:41,708 	 NB_BOW: accuracy = 0.9528, precision = 0.9691, recall = 0.9401
2020-08-24 08:58:41,712 	 NB_TF-IDF_WORD: accuracy = 0.9497, precision = 0.9815, recall = 0.9244
2020-08-24 08:58:41,716 	 NB_TF-IDF_NGRAM: accuracy = 0.9025, precision = 0.9074, recall = 0.9018
2020-08-24 08:58:41,719 	 NB_TF-IDF_CHAR: accuracy = 0.9277, precision = 0.9691, recall = 0.8971
2020-08-24 08:58:41,722 	 NB_EMBEDDINGS: accuracy = 0.5755, precision = 0.4568, recall = 0.6116
2020-08-24 08:58:41,724 	 LSTM_EMB: accuracy = 0.8931, precision = 0.8457, recall = 0.9384
2020-08-24 08:58:41,724 Best model by accuracy is NB_BOW
2020-08-24 08:58:41,725 Testing best model...
2020-08-24 08:58:41,728 	 Final scores: accuracy = 0.9671, precision = 0.9797, recall = 0.9554
2020-08-24 08:58:41,728 Saving best model...
2020-08-24 08:58:41,893 ---------------------------------------------------
2020-08-24 08:58:41,893 ------------- Done! Have a nice day ;) ------------
2020-08-24 08:58:41,893 ---------------------------------------------------
