2020-08-24 09:00:20,088 ---------------------------------------------------
2020-08-24 09:00:20,088 ----------------- Clustering module ---------------
2020-08-24 09:00:20,088 ---------------------------------------------------
2020-08-24 09:00:20,089 Loading clustering data...
2020-08-24 09:00:21,656 Extracting BOW features...
2020-08-24 09:00:21,754 Extracting TF-IDF features...
2020-08-24 09:00:22,500 Computing word embeddings...
2020-08-24 09:00:22,544 loading projection weights from /home/olga/PycharmProjects/Skyhawk/data/GoogleNews-vectors-negative300.bin
2020-08-24 09:00:37,663 loaded (3000000, 300) matrix from /home/olga/PycharmProjects/Skyhawk/data/GoogleNews-vectors-negative300.bin
2020-08-24 09:00:38,113 Reducing dimensionality...
2020-08-24 09:00:42,588 Latent Dirichlet Allocation...
2020-08-24 09:00:48,466 Computing clusters using K-means algorithm...
2020-08-24 09:00:50,571 Clustering data...
2020-08-24 09:00:50,597 Evaluating models...
2020-08-24 09:00:50,604 	 KMEANS_BOW model:  ARI = 0.0100, AMI = 0.0995, V = 0.2494
2020-08-24 09:00:50,610 	 KMEANS_TF-IDF_WORD model:  ARI = 0.0328, AMI = 0.1003, V = 0.2711
2020-08-24 09:00:50,616 	 KMEANS_TF-IDF_NGRAM model:  ARI = 0.0250, AMI = 0.0824, V = 0.2607
2020-08-24 09:00:50,622 	 KMEANS_TF-IDF_CHAR model:  ARI = 0.0477, AMI = 0.1275, V = 0.2626
2020-08-24 09:00:50,628 	 KMEANS_BOW_LSA model:  ARI = 0.0076, AMI = 0.0911, V = 0.2401
2020-08-24 09:00:50,634 	 KMEANS_TF-IDF_WORD_LSA model:  ARI = 0.1020, AMI = 0.1965, V = 0.3496
2020-08-24 09:00:50,640 	 KMEANS_TF-IDF_NGRAM_LSA model:  ARI = 0.0168, AMI = 0.0432, V = 0.2234
2020-08-24 09:00:50,646 	 KMEANS_TF-IDF_CHAR_LSA model:  ARI = 0.0970, AMI = 0.1466, V = 0.2831
2020-08-24 09:00:50,653 	 KMEANS_BOW_LDA model:  ARI = 0.0541, AMI = 0.0904, V = 0.2682
2020-08-24 09:00:50,659 	 KMEANS_TF-IDF_WORD_LDA model:  ARI = 0.0130, AMI = 0.0156, V = 0.2092
2020-08-24 09:00:50,665 	 KMEANS_TF-IDF_NGRAM_LDA model:  ARI = 0.0154, AMI = 0.0374, V = 0.2324
2020-08-24 09:00:50,671 	 KMEANS_EMB model:  ARI = 0.0141, AMI = 0.0522, V = 0.1776
2020-08-24 09:00:50,671 Best model is KMEANS_TF-IDF_WORD_LSA: v-measure = 0.3496
2020-08-24 09:00:50,671 Printing results...
2020-08-24 09:00:50,671 --- Original clusters:
2020-08-24 09:00:50,671 		 Anti-Russia: 9, 10, 11, 12, 13, 14, 15, 16
2020-08-24 09:00:50,672 		 Claims about China: 17, 18, 19, 20, 21, 22, 23, 24, 25, 26, 27, 28, 29, 30, 31, 32, 33, 34, 35, 36, 37, 38
2020-08-24 09:00:50,672 		 Collapse: 39, 40, 41, 42, 43, 44, 45, 46
2020-08-24 09:00:50,672 		 Coronavirus is not serious: 47, 48, 49, 50, 51, 52, 53, 54, 55, 56, 57
2020-08-24 09:00:50,672 		 Cure: 58, 59, 60, 61, 62, 63
2020-08-24 09:00:50,672 		 EU fails to respond: 64, 65, 66, 67, 68, 69, 70, 71, 72, 73, 74, 75, 76, 77, 78, 79, 80, 81, 82, 83
2020-08-24 09:00:50,672 		 MS fails to respond: 0, 1, 2, 3, 4, 5, 6, 7, 8
2020-08-24 09:00:50,672 		 Miscellaneous: 84, 85, 86, 87, 88, 89, 90, 91, 92, 93, 94, 95, 96, 97, 98, 99, 100, 101, 102, 103
2020-08-24 09:00:50,672 		 Origins: 104, 105, 106, 107, 108, 109, 110, 111
2020-08-24 09:00:50,673 		 Properties: 112, 113, 114, 115, 116, 117
2020-08-24 09:00:50,673 		 Secret plan of the global elite: 122, 123, 124, 125, 126, 127, 128, 129, 130, 131, 132, 133, 134, 135, 136, 137
2020-08-24 09:00:50,673 		 USA created COVID-2019: 147, 148, 149, 150, 151, 152, 153, 154, 155, 156, 157, 158, 159, 160, 161, 162, 163, 164, 165, 166, 167, 168, 169, 170, 171, 172, 173, 174, 175, 176, 177, 178, 179, 180
2020-08-24 09:00:50,673 		 Ukraine fails to respond: 138, 139, 140, 141, 142, 143, 144, 145, 146
2020-08-24 09:00:50,673 		 Was predicted: 118, 119, 120, 121
2020-08-24 09:00:50,673 --- Predictions from KMEANS_TF-IDF_WORD_LSA model:
2020-08-24 09:00:50,673 		 0: 11, 138, 139, 140, 141, 145, 146
2020-08-24 09:00:50,673 		 1: 37, 50, 179
2020-08-24 09:00:50,673 		 2: 38, 61, 74, 91, 143, 152
2020-08-24 09:00:50,674 		 3: 2, 4, 5, 7, 23, 27, 29, 30, 31, 32, 36, 51, 52, 53, 55, 56, 57, 58, 59, 60, 62, 85, 88, 89, 98, 101, 104, 105, 107, 108, 110, 111, 113, 114, 115, 117, 118, 119, 120, 121, 122, 124, 132, 142, 144, 155, 156, 162, 165, 166, 168, 170, 172, 173, 177, 178
2020-08-24 09:00:50,674 		 4: 3, 13, 28, 48, 54, 63, 67, 70, 86, 92, 100, 109, 131, 133
2020-08-24 09:00:50,674 		 5: 47, 126, 127, 128, 129, 130, 137
2020-08-24 09:00:50,674 		 6: 14, 25, 26, 94, 169
2020-08-24 09:00:50,674 		 7: 21, 49, 73, 102
2020-08-24 09:00:50,674 		 8: 43, 44, 125, 154
2020-08-24 09:00:50,674 		 9: 18, 19, 72, 171
2020-08-24 09:00:50,674 		 10: 9, 12, 17, 22, 33, 34, 103, 106, 112, 116, 134, 147, 148, 149, 151, 153, 157, 158, 159, 160, 161, 163, 164, 167, 174, 175
2020-08-24 09:00:50,674 		 11: 20, 24, 82, 87, 90, 95
2020-08-24 09:00:50,674 		 12: 6, 39, 40, 41, 42, 45, 84, 93, 96, 99, 123
2020-08-24 09:00:50,674 		 13: 0, 1, 8, 10, 15, 16, 35, 46, 64, 65, 66, 68, 69, 71, 75, 76, 77, 78, 79, 80, 81, 83, 97, 135, 136, 150, 176, 180
2020-08-24 09:00:50,674 Saving best model...
2020-08-24 09:00:50,674 ---------------------------------------------------
2020-08-24 09:00:50,674 ------------- Done! Have a nice day ;) ------------
2020-08-24 09:00:50,674 ---------------------------------------------------
